<?xml version='1.0' encoding='UTF-8'?>
<testsuite hostname="Mohak.local" name="IntegrationSpec" tests="1" errors="0" failures="1" time="11.201">
                     <properties>
[...]
</properties>
                     <testcase classname="IntegrationSpec" name="Application should::work from within a browser" time="11.201">
                                                 <failure message="'&lt;?xml version=&quot;1.0&quot; encoding=&quot;UTF-8&quot;?&gt;
&lt;html lang=&quot;en&quot;&gt;
  &lt;head&gt;
    &lt;title&gt;
      HashItTalkIT
    &lt;/title&gt;
    &lt;link rel=&quot;stylesheet&quot; media=&quot;screen&quot; href=&quot;/assets/stylesheets/main.css&quot;/&gt;
    &lt;link rel=&quot;shortcut icon&quot; type=&quot;image/png&quot; href=&quot;/assets/images/favicon.png&quot;/&gt;
  &lt;/head&gt;
  &lt;body&gt;
    &lt;form action=&quot;/addroomdetails&quot; method=&quot;POST&quot;&gt;
      &lt;dl class=&quot; &quot; id=&quot;name_field&quot;&gt;
        &lt;dt&gt;
          &lt;label for=&quot;name&quot;&gt;
            name
          &lt;/label&gt;
        &lt;/dt&gt;
        &lt;dd&gt;
          &lt;input type=&quot;text&quot; id=&quot;name&quot; name=&quot;name&quot; value=&quot;&quot;/&gt;
        &lt;/dd&gt;
        &lt;dd class=&quot;info&quot;&gt;
          Required
        &lt;/dd&gt;
      &lt;/dl&gt;
      &lt;input type=&quot;submit&quot; text=&quot;submit&quot;/&gt;
    &lt;/form&gt;
  &lt;/body&gt;
&lt;/html&gt;
' doesn't contain 'Your new application is ready.'" type="sbt.ForkMain$ForkError">sbt.ForkMain$ForkError: '&lt;?xml version=&quot;1.0&quot; encoding=&quot;UTF-8&quot;?&gt;
&lt;html lang=&quot;en&quot;&gt;
  &lt;head&gt;
    &lt;title&gt;
      HashItTalkIT
    &lt;/title&gt;
    &lt;link rel=&quot;stylesheet&quot; media=&quot;screen&quot; href=&quot;/assets/stylesheets/main.css&quot;/&gt;
    &lt;link rel=&quot;shortcut icon&quot; type=&quot;image/png&quot; href=&quot;/assets/images/favicon.png&quot;/&gt;
  &lt;/head&gt;
  &lt;body&gt;
    &lt;form action=&quot;/addroomdetails&quot; method=&quot;POST&quot;&gt;
      &lt;dl class=&quot; &quot; id=&quot;name_field&quot;&gt;
        &lt;dt&gt;
          &lt;label for=&quot;name&quot;&gt;
            name
          &lt;/label&gt;
        &lt;/dt&gt;
        &lt;dd&gt;
          &lt;input type=&quot;text&quot; id=&quot;name&quot; name=&quot;name&quot; value=&quot;&quot;/&gt;
        &lt;/dd&gt;
        &lt;dd class=&quot;info&quot;&gt;
          Required
        &lt;/dd&gt;
      &lt;/dl&gt;
      &lt;input type=&quot;submit&quot; text=&quot;submit&quot;/&gt;
    &lt;/form&gt;
  &lt;/body&gt;
&lt;/html&gt;
' doesn't contain 'Your new application is ready.'
	at IntegrationSpec$$anonfun$1$$anonfun$apply$1$$anon$1.delayedEndpoint$IntegrationSpec$$anonfun$1$$anonfun$apply$1$$anon$1$1(IntegrationSpec.scala:21)
	at IntegrationSpec$$anonfun$1$$anonfun$apply$1$$anon$1$delayedInit$body.apply(IntegrationSpec.scala:17)
	at play.api.test.WithBrowser$$anonfun$around$4.apply(Specs.scala:89)
	at play.api.test.WithBrowser$$anonfun$around$4.apply(Specs.scala:89)
	at play.api.test.PlayRunners$class.running(Helpers.scala:56)
	at play.api.test.Helpers$.running(Helpers.scala:363)
	at play.api.test.WithBrowser.around(Specs.scala:89)
	at play.api.test.WithBrowser.delayedInit(Specs.scala:72)
	at IntegrationSpec$$anonfun$1$$anonfun$apply$1$$anon$1.&lt;init&gt;(IntegrationSpec.scala:17)
	at IntegrationSpec$$anonfun$1$$anonfun$apply$1.apply(IntegrationSpec.scala:17)
	at IntegrationSpec$$anonfun$1$$anonfun$apply$1.apply(IntegrationSpec.scala:17)
</failure>
                                               </testcase>
                     <system-out></system-out>
                     <system-err></system-err>
                   </testsuite>